Target Name	Contrast-Resolution Test Target
Target Version	v3.5
Target Description	4 TV levels  13 Contrast steps  15 Resolution steps   Patch Size 8.0 mm 
File Name	GGGGG CirRe35_SepK_F.eps

Corners Paper to Target (mm)	X even pages	Y even pages	X odd pages	Y odd pages
   UL corner 	49.1	-56.0	35.7	-42.7	
   UR corner 	-30.6	-56.0	-44.0	-42.7	
   LL corner 	49.1	60.0	35.7	73.4	
   LR corner 	-30.6	60.0	-44.0	73.4	

Target Origin 	UL

	X	Y
Target Size frame (in)	5.362	6.432
Target Size frame (mm)	136.19	163.37
Block Size tight frame (mm)	120.61	138.98

Number of Pages	6
Number of Blocks per page	1
Number of TV Blocks	4
Addressability Indicator Block	YES
Screen Pattern Indicator Block	YES
Contrast Steps Increments 	NO	 [ YES = Absolute, NO = Relative Contrast step increments ]
Patch Size (mm)	8.001
Margin between patches (mm)	1.185
Addressability (spi)	600	 [ Set by Distiller ]
Possible Color Spaces	SepK	SepC	SepM	SepY	RGB	sRGB	Gray	Lab
Selected Color	SepK
SpotCorrection	NO
Output Device	Acrobat Distiller 10.1.16
Licensed User Name	Not Validated
Licensed User Code	987654321

	X	Y
Paper Size (in)	8.5	11.0	 [ Letter ]
Paper Size (mm)	216	279

Number of Resolution Steps	15	 [ Resolution steps are the same for all Tone Value Blocks ]
   Resolution Step Number	#1	#2	#3	#4	#5	#6	#7	#8	#9	#10	#11	#12	#13	#14	#15	
   Resolution Step Value (lp/mm)	0.625	0.736	0.868	1.025	1.208	1.42	1.678	1.976	2.326	2.747	3.247	3.817	4.505	5.319	6.25	

Number of Contrast Steps	13
Tone Value Blocks	Metrics			   UL Target to UL Fiducial		 UL Target to UL Block Frame		Contrast
	Tone (TV%)	Block No.	Page No.	Xoffset (mm)	Yoffset (mm)	Xoffset (mm)	Yoffset (mm)	A	B	C	D	E	F	G	H	I	J	K	L	M	
	20	1	1	11.59	20.4	10.99	19.8	-	-	-	31.62%	21.54%	14.68%	10.0%	6.81%	4.64%	3.16%	2.15%	1.47%	1.0%	
	30	2	2	11.59	20.4	10.99	19.8	-	-	46.42%	31.62%	21.54%	14.68%	10.0%	6.81%	4.64%	3.16%	2.15%	1.47%	1.0%	
	50	3	3	11.59	20.4	10.99	19.8	100.0%	68.13%	46.42%	31.62%	21.54%	14.68%	10.0%	6.81%	4.64%	3.16%	2.15%	1.47%	1.0%	
	70	4	4	11.59	20.4	10.99	19.8	-	-	46.42%	31.62%	21.54%	14.68%	10.0%	6.81%	4.64%	3.16%	2.15%	1.47%	1.0%	


Spacing of Fiducial grid (mm)	9.186

Fiducial marks from UL corner mark
   X direction (mm)	0.0	9.186	18.373	27.559	36.745	45.932	55.118	64.304	73.491	82.677	91.863	101.05	110.236	119.422	
   Y direction (mm)	0.0	9.186	18.373	27.559	36.745	45.932	55.118	64.304	73.491	82.677	91.863	101.05	110.236	119.422	128.609	137.795	


	Width	Length
Step Wedge frame size (mm)	26.436	194.633

Number of Steps on StepWedge	21
Width of Steps excluding sep. bar (mm)	8.0
Width of separation bar (mm)	0.9
Height of Steps (mm)	10.0
Width of band for Labels (mm)	3.218
Distance Zero to Solid patch (mm)	178.0
Nominal TV Flag 	1	 [ When set to zero then Linearization is off, only nominal values are used. ]
Nominal TV Array (TV%) 	0	5	10	15	20	25	30	35	40	45	50	55	60	65	70	75	80	85	90	95	100	
Linearized TV Array (TV%) 	0.0	8.5	16.3	24.5	30.6	35.3	39.0	42.3	45.5	48.9	52.3	55.7	59.1	62.5	66.0	69.8	75.0	81.3	87.5	94.5	100.0	

Step Wedge Coordinates from UL corner of Target to center of Zero or Solid patch (mm)
		Wedge	    Zero TV Nominal Step 		   Zero TV Linearized Step		     Solid TV Nominal Step 		    Solid TV Linearized Step	
	(PageNo)	Rotation (degrees)	X	Y	X	Y	X	Y	X	Y
	 1	 0	 -14.3	 174.9	 -14.3	 184.9	 163.7	 174.9	 163.7	 184.9
	 2	 90	 -21.5	 194.5	 -11.5	 194.5	 -21.5	 16.5	 -11.5	 16.5
	 3	 -180	 154.8	 184.9	 154.8	 174.9	 -23.2	 184.9	 -23.2	 174.9
	 4	 -90	 -11.5	 25.4	 -21.5	 25.4	 -11.5	 203.4	 -21.5	 203.4
	 5	 0	 -14.3	 174.9	 -14.3	 184.9	 163.7	 174.9	 163.7	 184.9
	 6	 90	 -21.5	 194.5	 -11.5	 194.5	 -21.5	 16.5	 -11.5	 16.5

Step Wedge Coordinates from UL corner of Wedge to UL corner of Zero or Solid patch (mm)
		Wedge	    Zero TV Nominal Step 		   Zero TV Linearized Step		     Solid TV Nominal Step 		    Solid TV Linearized Step	
	(PageNo)	Rotation (degrees)	X	Y	X	Y	X	Y	X	Y
	 1	 0	 -14.3	 -14.3	 -14.3	 -14.3	 --nostringval--	 --nostringval--	 --nostringval--	 --nostringval--
	 2	 90	 -21.5	 -21.5	 -21.5	 -21.5	 --nostringval--	 --nostringval--	 --nostringval--	 --nostringval--
	 3	 -180	 154.8	 154.8	 154.8	 154.8	 --nostringval--	 --nostringval--	 --nostringval--	 --nostringval--
	 4	 -90	 -11.5	 -11.5	 -11.5	 -11.5	 --nostringval--	 --nostringval--	 --nostringval--	 --nostringval--
	 5	 0	 -14.3	 -14.3	 -14.3	 -14.3	 --nostringval--	 --nostringval--	 --nostringval--	 --nostringval--
	 6	 90	 -21.5	 -21.5	 -21.5	 -21.5	 --nostringval--	 --nostringval--	 --nostringval--	 --nostringval--
